Defaulting to user installation because normal site-packages is not writeable
Obtaining file:///pfs/data5/home/kit/stud/usxcp/master-thesis
  Preparing metadata (setup.py): started
  Preparing metadata (setup.py): finished with status 'done'
Requirement already satisfied: filelock in /pfs/data5/home/kit/stud/usxcp/.local/lib/python3.9/site-packages (from transformers==4.44.0.dev0) (3.16.1)
Requirement already satisfied: huggingface-hub<1.0,>=0.23.2 in /pfs/data5/home/kit/stud/usxcp/.local/lib/python3.9/site-packages (from transformers==4.44.0.dev0) (0.26.3)
Requirement already satisfied: numpy>=1.17 in /pfs/data5/home/kit/stud/usxcp/.local/lib/python3.9/site-packages (from transformers==4.44.0.dev0) (1.26.4)
Requirement already satisfied: packaging>=20.0 in /pfs/data5/software_uc2/bwhpc/common/devel/miniconda/23.9.0-py3.9.15/lib/python3.9/site-packages (from transformers==4.44.0.dev0) (23.1)
Requirement already satisfied: pyyaml>=5.1 in /pfs/data5/home/kit/stud/usxcp/.local/lib/python3.9/site-packages (from transformers==4.44.0.dev0) (6.0.2)
Requirement already satisfied: regex!=2019.12.17 in /pfs/data5/home/kit/stud/usxcp/.local/lib/python3.9/site-packages (from transformers==4.44.0.dev0) (2024.11.6)
Requirement already satisfied: requests in /pfs/data5/home/kit/stud/usxcp/.local/lib/python3.9/site-packages (from transformers==4.44.0.dev0) (2.32.3)
Requirement already satisfied: tokenizers<0.20,>=0.19 in /pfs/data5/home/kit/stud/usxcp/.local/lib/python3.9/site-packages (from transformers==4.44.0.dev0) (0.19.1)
Requirement already satisfied: safetensors>=0.4.1 in /pfs/data5/home/kit/stud/usxcp/.local/lib/python3.9/site-packages (from transformers==4.44.0.dev0) (0.4.5)
Requirement already satisfied: tqdm>=4.27 in /pfs/data5/home/kit/stud/usxcp/.local/lib/python3.9/site-packages (from transformers==4.44.0.dev0) (4.67.1)
Requirement already satisfied: fsspec>=2023.5.0 in /pfs/data5/home/kit/stud/usxcp/.local/lib/python3.9/site-packages (from huggingface-hub<1.0,>=0.23.2->transformers==4.44.0.dev0) (2024.9.0)
Requirement already satisfied: typing-extensions>=3.7.4.3 in /pfs/data5/home/kit/stud/usxcp/.local/lib/python3.9/site-packages (from huggingface-hub<1.0,>=0.23.2->transformers==4.44.0.dev0) (4.12.2)
Requirement already satisfied: charset-normalizer<4,>=2 in /pfs/data5/software_uc2/bwhpc/common/devel/miniconda/23.9.0-py3.9.15/lib/python3.9/site-packages (from requests->transformers==4.44.0.dev0) (2.0.4)
Requirement already satisfied: idna<4,>=2.5 in /pfs/data5/software_uc2/bwhpc/common/devel/miniconda/23.9.0-py3.9.15/lib/python3.9/site-packages (from requests->transformers==4.44.0.dev0) (3.4)
Requirement already satisfied: urllib3<3,>=1.21.1 in /pfs/data5/software_uc2/bwhpc/common/devel/miniconda/23.9.0-py3.9.15/lib/python3.9/site-packages (from requests->transformers==4.44.0.dev0) (1.26.16)
Requirement already satisfied: certifi>=2017.4.17 in /pfs/data5/software_uc2/bwhpc/common/devel/miniconda/23.9.0-py3.9.15/lib/python3.9/site-packages (from requests->transformers==4.44.0.dev0) (2023.7.22)
Installing collected packages: transformers
  Attempting uninstall: transformers
    Found existing installation: transformers 4.44.0.dev0
    Uninstalling transformers-4.44.0.dev0:
      Successfully uninstalled transformers-4.44.0.dev0
  Running setup.py develop for transformers
ERROR: pip's dependency resolver does not currently take into account all the packages that are installed. This behaviour is the source of the following dependency conflicts.
peft 0.14.0 requires accelerate>=0.21.0, but you have accelerate 0.18.0 which is incompatible.
Successfully installed transformers
Defaulting to user installation because normal site-packages is not writeable
Requirement already satisfied: torch in /pfs/data5/home/kit/stud/usxcp/.local/lib/python3.9/site-packages (2.6.0)
Requirement already satisfied: torchvision in /pfs/data5/home/kit/stud/usxcp/.local/lib/python3.9/site-packages (0.21.0)
Requirement already satisfied: torchaudio in /pfs/data5/home/kit/stud/usxcp/.local/lib/python3.9/site-packages (2.6.0)
Requirement already satisfied: filelock in /pfs/data5/home/kit/stud/usxcp/.local/lib/python3.9/site-packages (from torch) (3.16.1)
Requirement already satisfied: typing-extensions>=4.10.0 in /pfs/data5/home/kit/stud/usxcp/.local/lib/python3.9/site-packages (from torch) (4.12.2)
Requirement already satisfied: networkx in /pfs/data5/home/kit/stud/usxcp/.local/lib/python3.9/site-packages (from torch) (3.2.1)
Requirement already satisfied: jinja2 in /pfs/data5/home/kit/stud/usxcp/.local/lib/python3.9/site-packages (from torch) (3.1.4)
Requirement already satisfied: fsspec in /pfs/data5/home/kit/stud/usxcp/.local/lib/python3.9/site-packages (from torch) (2024.9.0)
Requirement already satisfied: nvidia-cuda-nvrtc-cu12==12.4.127 in /pfs/data5/home/kit/stud/usxcp/.local/lib/python3.9/site-packages (from torch) (12.4.127)
Requirement already satisfied: nvidia-cuda-runtime-cu12==12.4.127 in /pfs/data5/home/kit/stud/usxcp/.local/lib/python3.9/site-packages (from torch) (12.4.127)
Requirement already satisfied: nvidia-cuda-cupti-cu12==12.4.127 in /pfs/data5/home/kit/stud/usxcp/.local/lib/python3.9/site-packages (from torch) (12.4.127)
Requirement already satisfied: nvidia-cudnn-cu12==9.1.0.70 in /pfs/data5/home/kit/stud/usxcp/.local/lib/python3.9/site-packages (from torch) (9.1.0.70)
Requirement already satisfied: nvidia-cublas-cu12==12.4.5.8 in /pfs/data5/home/kit/stud/usxcp/.local/lib/python3.9/site-packages (from torch) (12.4.5.8)
Requirement already satisfied: nvidia-cufft-cu12==11.2.1.3 in /pfs/data5/home/kit/stud/usxcp/.local/lib/python3.9/site-packages (from torch) (11.2.1.3)
Requirement already satisfied: nvidia-curand-cu12==10.3.5.147 in /pfs/data5/home/kit/stud/usxcp/.local/lib/python3.9/site-packages (from torch) (10.3.5.147)
Requirement already satisfied: nvidia-cusolver-cu12==11.6.1.9 in /pfs/data5/home/kit/stud/usxcp/.local/lib/python3.9/site-packages (from torch) (11.6.1.9)
Requirement already satisfied: nvidia-cusparse-cu12==12.3.1.170 in /pfs/data5/home/kit/stud/usxcp/.local/lib/python3.9/site-packages (from torch) (12.3.1.170)
Requirement already satisfied: nvidia-cusparselt-cu12==0.6.2 in /pfs/data5/home/kit/stud/usxcp/.local/lib/python3.9/site-packages (from torch) (0.6.2)
Requirement already satisfied: nvidia-nccl-cu12==2.21.5 in /pfs/data5/home/kit/stud/usxcp/.local/lib/python3.9/site-packages (from torch) (2.21.5)
Requirement already satisfied: nvidia-nvtx-cu12==12.4.127 in /pfs/data5/home/kit/stud/usxcp/.local/lib/python3.9/site-packages (from torch) (12.4.127)
Requirement already satisfied: nvidia-nvjitlink-cu12==12.4.127 in /pfs/data5/home/kit/stud/usxcp/.local/lib/python3.9/site-packages (from torch) (12.4.127)
Requirement already satisfied: triton==3.2.0 in /pfs/data5/home/kit/stud/usxcp/.local/lib/python3.9/site-packages (from torch) (3.2.0)
Requirement already satisfied: sympy==1.13.1 in /pfs/data5/home/kit/stud/usxcp/.local/lib/python3.9/site-packages (from torch) (1.13.1)
Requirement already satisfied: mpmath<1.4,>=1.1.0 in /pfs/data5/home/kit/stud/usxcp/.local/lib/python3.9/site-packages (from sympy==1.13.1->torch) (1.3.0)
Requirement already satisfied: numpy in /pfs/data5/home/kit/stud/usxcp/.local/lib/python3.9/site-packages (from torchvision) (1.26.4)
Requirement already satisfied: pillow!=8.3.*,>=5.3.0 in /pfs/data5/home/kit/stud/usxcp/.local/lib/python3.9/site-packages (from torchvision) (11.1.0)
Requirement already satisfied: MarkupSafe>=2.0 in /pfs/data5/home/kit/stud/usxcp/.local/lib/python3.9/site-packages (from jinja2->torch) (3.0.2)
Defaulting to user installation because normal site-packages is not writeable
Requirement already satisfied: deepspeed in /pfs/data5/home/kit/stud/usxcp/.local/lib/python3.9/site-packages (0.16.5+8ec1af5f)
Requirement already satisfied: einops in /pfs/data5/home/kit/stud/usxcp/.local/lib/python3.9/site-packages (from deepspeed) (0.8.1)
Requirement already satisfied: hjson in /pfs/data5/home/kit/stud/usxcp/.local/lib/python3.9/site-packages (from deepspeed) (3.1.0)
Requirement already satisfied: msgpack in /pfs/data5/home/kit/stud/usxcp/.local/lib/python3.9/site-packages (from deepspeed) (1.1.0)
Requirement already satisfied: ninja in /pfs/data5/home/kit/stud/usxcp/.local/lib/python3.9/site-packages (from deepspeed) (1.11.1.3)
Requirement already satisfied: numpy in /pfs/data5/home/kit/stud/usxcp/.local/lib/python3.9/site-packages (from deepspeed) (1.26.4)
Requirement already satisfied: packaging>=20.0 in /pfs/data5/software_uc2/bwhpc/common/devel/miniconda/23.9.0-py3.9.15/lib/python3.9/site-packages (from deepspeed) (23.1)
Requirement already satisfied: psutil in /pfs/data5/software_uc2/bwhpc/common/devel/miniconda/23.9.0-py3.9.15/lib/python3.9/site-packages (from deepspeed) (5.9.6)
Requirement already satisfied: py-cpuinfo in /pfs/data5/home/kit/stud/usxcp/.local/lib/python3.9/site-packages (from deepspeed) (9.0.0)
Requirement already satisfied: pydantic>=2.0.0 in /pfs/data5/home/kit/stud/usxcp/.local/lib/python3.9/site-packages (from deepspeed) (2.10.6)
Requirement already satisfied: torch in /pfs/data5/home/kit/stud/usxcp/.local/lib/python3.9/site-packages (from deepspeed) (2.6.0)
Requirement already satisfied: tqdm in /pfs/data5/home/kit/stud/usxcp/.local/lib/python3.9/site-packages (from deepspeed) (4.67.1)
Requirement already satisfied: nvidia-ml-py in /pfs/data5/home/kit/stud/usxcp/.local/lib/python3.9/site-packages (from deepspeed) (12.570.86)
Requirement already satisfied: annotated-types>=0.6.0 in /pfs/data5/home/kit/stud/usxcp/.local/lib/python3.9/site-packages (from pydantic>=2.0.0->deepspeed) (0.7.0)
Requirement already satisfied: pydantic-core==2.27.2 in /pfs/data5/home/kit/stud/usxcp/.local/lib/python3.9/site-packages (from pydantic>=2.0.0->deepspeed) (2.27.2)
Requirement already satisfied: typing-extensions>=4.12.2 in /pfs/data5/home/kit/stud/usxcp/.local/lib/python3.9/site-packages (from pydantic>=2.0.0->deepspeed) (4.12.2)
Requirement already satisfied: filelock in /pfs/data5/home/kit/stud/usxcp/.local/lib/python3.9/site-packages (from torch->deepspeed) (3.16.1)
Requirement already satisfied: networkx in /pfs/data5/home/kit/stud/usxcp/.local/lib/python3.9/site-packages (from torch->deepspeed) (3.2.1)
Requirement already satisfied: jinja2 in /pfs/data5/home/kit/stud/usxcp/.local/lib/python3.9/site-packages (from torch->deepspeed) (3.1.4)
Requirement already satisfied: fsspec in /pfs/data5/home/kit/stud/usxcp/.local/lib/python3.9/site-packages (from torch->deepspeed) (2024.9.0)
Requirement already satisfied: nvidia-cuda-nvrtc-cu12==12.4.127 in /pfs/data5/home/kit/stud/usxcp/.local/lib/python3.9/site-packages (from torch->deepspeed) (12.4.127)
Requirement already satisfied: nvidia-cuda-runtime-cu12==12.4.127 in /pfs/data5/home/kit/stud/usxcp/.local/lib/python3.9/site-packages (from torch->deepspeed) (12.4.127)
Requirement already satisfied: nvidia-cuda-cupti-cu12==12.4.127 in /pfs/data5/home/kit/stud/usxcp/.local/lib/python3.9/site-packages (from torch->deepspeed) (12.4.127)
Requirement already satisfied: nvidia-cudnn-cu12==9.1.0.70 in /pfs/data5/home/kit/stud/usxcp/.local/lib/python3.9/site-packages (from torch->deepspeed) (9.1.0.70)
Requirement already satisfied: nvidia-cublas-cu12==12.4.5.8 in /pfs/data5/home/kit/stud/usxcp/.local/lib/python3.9/site-packages (from torch->deepspeed) (12.4.5.8)
Requirement already satisfied: nvidia-cufft-cu12==11.2.1.3 in /pfs/data5/home/kit/stud/usxcp/.local/lib/python3.9/site-packages (from torch->deepspeed) (11.2.1.3)
Requirement already satisfied: nvidia-curand-cu12==10.3.5.147 in /pfs/data5/home/kit/stud/usxcp/.local/lib/python3.9/site-packages (from torch->deepspeed) (10.3.5.147)
Requirement already satisfied: nvidia-cusolver-cu12==11.6.1.9 in /pfs/data5/home/kit/stud/usxcp/.local/lib/python3.9/site-packages (from torch->deepspeed) (11.6.1.9)
Requirement already satisfied: nvidia-cusparse-cu12==12.3.1.170 in /pfs/data5/home/kit/stud/usxcp/.local/lib/python3.9/site-packages (from torch->deepspeed) (12.3.1.170)
Requirement already satisfied: nvidia-cusparselt-cu12==0.6.2 in /pfs/data5/home/kit/stud/usxcp/.local/lib/python3.9/site-packages (from torch->deepspeed) (0.6.2)
Requirement already satisfied: nvidia-nccl-cu12==2.21.5 in /pfs/data5/home/kit/stud/usxcp/.local/lib/python3.9/site-packages (from torch->deepspeed) (2.21.5)
Requirement already satisfied: nvidia-nvtx-cu12==12.4.127 in /pfs/data5/home/kit/stud/usxcp/.local/lib/python3.9/site-packages (from torch->deepspeed) (12.4.127)
Requirement already satisfied: nvidia-nvjitlink-cu12==12.4.127 in /pfs/data5/home/kit/stud/usxcp/.local/lib/python3.9/site-packages (from torch->deepspeed) (12.4.127)
Requirement already satisfied: triton==3.2.0 in /pfs/data5/home/kit/stud/usxcp/.local/lib/python3.9/site-packages (from torch->deepspeed) (3.2.0)
Requirement already satisfied: sympy==1.13.1 in /pfs/data5/home/kit/stud/usxcp/.local/lib/python3.9/site-packages (from torch->deepspeed) (1.13.1)
Requirement already satisfied: mpmath<1.4,>=1.1.0 in /pfs/data5/home/kit/stud/usxcp/.local/lib/python3.9/site-packages (from sympy==1.13.1->torch->deepspeed) (1.3.0)
Requirement already satisfied: MarkupSafe>=2.0 in /pfs/data5/home/kit/stud/usxcp/.local/lib/python3.9/site-packages (from jinja2->torch->deepspeed) (3.0.2)
Defaulting to user installation because normal site-packages is not writeable
Requirement already satisfied: datasets in /pfs/data5/home/kit/stud/usxcp/.local/lib/python3.9/site-packages (2.10.0)
Requirement already satisfied: evaluate in /pfs/data5/home/kit/stud/usxcp/.local/lib/python3.9/site-packages (0.4.0)
Requirement already satisfied: peft in /pfs/data5/home/kit/stud/usxcp/.local/lib/python3.9/site-packages (0.14.0)
Requirement already satisfied: numpy>=1.17 in /pfs/data5/home/kit/stud/usxcp/.local/lib/python3.9/site-packages (from datasets) (1.26.4)
Requirement already satisfied: pyarrow>=6.0.0 in /pfs/data5/home/kit/stud/usxcp/.local/lib/python3.9/site-packages (from datasets) (18.1.0)
Requirement already satisfied: dill<0.3.7,>=0.3.0 in /pfs/data5/home/kit/stud/usxcp/.local/lib/python3.9/site-packages (from datasets) (0.3.6)
Requirement already satisfied: pandas in /pfs/data5/home/kit/stud/usxcp/.local/lib/python3.9/site-packages (from datasets) (2.2.3)
Requirement already satisfied: requests>=2.19.0 in /pfs/data5/home/kit/stud/usxcp/.local/lib/python3.9/site-packages (from datasets) (2.32.3)
Requirement already satisfied: tqdm>=4.62.1 in /pfs/data5/home/kit/stud/usxcp/.local/lib/python3.9/site-packages (from datasets) (4.67.1)
Requirement already satisfied: xxhash in /pfs/data5/home/kit/stud/usxcp/.local/lib/python3.9/site-packages (from datasets) (3.5.0)
Requirement already satisfied: multiprocess in /pfs/data5/home/kit/stud/usxcp/.local/lib/python3.9/site-packages (from datasets) (0.70.14)
Requirement already satisfied: fsspec[http]>=2021.11.1 in /pfs/data5/home/kit/stud/usxcp/.local/lib/python3.9/site-packages (from datasets) (2024.9.0)
Requirement already satisfied: aiohttp in /pfs/data5/home/kit/stud/usxcp/.local/lib/python3.9/site-packages (from datasets) (3.11.9)
Requirement already satisfied: huggingface-hub<1.0.0,>=0.2.0 in /pfs/data5/home/kit/stud/usxcp/.local/lib/python3.9/site-packages (from datasets) (0.26.3)
Requirement already satisfied: packaging in /pfs/data5/software_uc2/bwhpc/common/devel/miniconda/23.9.0-py3.9.15/lib/python3.9/site-packages (from datasets) (23.1)
Requirement already satisfied: responses<0.19 in /pfs/data5/home/kit/stud/usxcp/.local/lib/python3.9/site-packages (from datasets) (0.18.0)
Requirement already satisfied: pyyaml>=5.1 in /pfs/data5/home/kit/stud/usxcp/.local/lib/python3.9/site-packages (from datasets) (6.0.2)
Requirement already satisfied: psutil in /pfs/data5/software_uc2/bwhpc/common/devel/miniconda/23.9.0-py3.9.15/lib/python3.9/site-packages (from peft) (5.9.6)
Requirement already satisfied: torch>=1.13.0 in /pfs/data5/home/kit/stud/usxcp/.local/lib/python3.9/site-packages (from peft) (2.6.0)
Requirement already satisfied: transformers in ./src (from peft) (4.44.0.dev0)
Collecting accelerate>=0.21.0 (from peft)
  Obtaining dependency information for accelerate>=0.21.0 from https://files.pythonhosted.org/packages/0a/f6/791b9d7eb371a2f385da3b7f1769ced72ead7bf09744637ea2985c83d7ee/accelerate-1.4.0-py3-none-any.whl.metadata
  Downloading accelerate-1.4.0-py3-none-any.whl.metadata (19 kB)
Requirement already satisfied: safetensors in /pfs/data5/home/kit/stud/usxcp/.local/lib/python3.9/site-packages (from peft) (0.4.5)
Requirement already satisfied: aiohappyeyeballs>=2.3.0 in /pfs/data5/home/kit/stud/usxcp/.local/lib/python3.9/site-packages (from aiohttp->datasets) (2.4.4)
Requirement already satisfied: aiosignal>=1.1.2 in /pfs/data5/home/kit/stud/usxcp/.local/lib/python3.9/site-packages (from aiohttp->datasets) (1.3.1)
Requirement already satisfied: async-timeout<6.0,>=4.0 in /pfs/data5/home/kit/stud/usxcp/.local/lib/python3.9/site-packages (from aiohttp->datasets) (5.0.1)
Requirement already satisfied: attrs>=17.3.0 in /pfs/data5/home/kit/stud/usxcp/.local/lib/python3.9/site-packages (from aiohttp->datasets) (24.2.0)
Requirement already satisfied: frozenlist>=1.1.1 in /pfs/data5/home/kit/stud/usxcp/.local/lib/python3.9/site-packages (from aiohttp->datasets) (1.5.0)
Requirement already satisfied: multidict<7.0,>=4.5 in /pfs/data5/home/kit/stud/usxcp/.local/lib/python3.9/site-packages (from aiohttp->datasets) (6.1.0)
Requirement already satisfied: propcache>=0.2.0 in /pfs/data5/home/kit/stud/usxcp/.local/lib/python3.9/site-packages (from aiohttp->datasets) (0.2.1)
Requirement already satisfied: yarl<2.0,>=1.17.0 in /pfs/data5/home/kit/stud/usxcp/.local/lib/python3.9/site-packages (from aiohttp->datasets) (1.18.3)
Requirement already satisfied: filelock in /pfs/data5/home/kit/stud/usxcp/.local/lib/python3.9/site-packages (from huggingface-hub<1.0.0,>=0.2.0->datasets) (3.16.1)
Requirement already satisfied: typing-extensions>=3.7.4.3 in /pfs/data5/home/kit/stud/usxcp/.local/lib/python3.9/site-packages (from huggingface-hub<1.0.0,>=0.2.0->datasets) (4.12.2)
Requirement already satisfied: charset-normalizer<4,>=2 in /pfs/data5/software_uc2/bwhpc/common/devel/miniconda/23.9.0-py3.9.15/lib/python3.9/site-packages (from requests>=2.19.0->datasets) (2.0.4)
Requirement already satisfied: idna<4,>=2.5 in /pfs/data5/software_uc2/bwhpc/common/devel/miniconda/23.9.0-py3.9.15/lib/python3.9/site-packages (from requests>=2.19.0->datasets) (3.4)
Requirement already satisfied: urllib3<3,>=1.21.1 in /pfs/data5/software_uc2/bwhpc/common/devel/miniconda/23.9.0-py3.9.15/lib/python3.9/site-packages (from requests>=2.19.0->datasets) (1.26.16)
Requirement already satisfied: certifi>=2017.4.17 in /pfs/data5/software_uc2/bwhpc/common/devel/miniconda/23.9.0-py3.9.15/lib/python3.9/site-packages (from requests>=2.19.0->datasets) (2023.7.22)
Requirement already satisfied: networkx in /pfs/data5/home/kit/stud/usxcp/.local/lib/python3.9/site-packages (from torch>=1.13.0->peft) (3.2.1)
Requirement already satisfied: jinja2 in /pfs/data5/home/kit/stud/usxcp/.local/lib/python3.9/site-packages (from torch>=1.13.0->peft) (3.1.4)
Requirement already satisfied: nvidia-cuda-nvrtc-cu12==12.4.127 in /pfs/data5/home/kit/stud/usxcp/.local/lib/python3.9/site-packages (from torch>=1.13.0->peft) (12.4.127)
Requirement already satisfied: nvidia-cuda-runtime-cu12==12.4.127 in /pfs/data5/home/kit/stud/usxcp/.local/lib/python3.9/site-packages (from torch>=1.13.0->peft) (12.4.127)
Requirement already satisfied: nvidia-cuda-cupti-cu12==12.4.127 in /pfs/data5/home/kit/stud/usxcp/.local/lib/python3.9/site-packages (from torch>=1.13.0->peft) (12.4.127)
Requirement already satisfied: nvidia-cudnn-cu12==9.1.0.70 in /pfs/data5/home/kit/stud/usxcp/.local/lib/python3.9/site-packages (from torch>=1.13.0->peft) (9.1.0.70)
Requirement already satisfied: nvidia-cublas-cu12==12.4.5.8 in /pfs/data5/home/kit/stud/usxcp/.local/lib/python3.9/site-packages (from torch>=1.13.0->peft) (12.4.5.8)
Requirement already satisfied: nvidia-cufft-cu12==11.2.1.3 in /pfs/data5/home/kit/stud/usxcp/.local/lib/python3.9/site-packages (from torch>=1.13.0->peft) (11.2.1.3)
Requirement already satisfied: nvidia-curand-cu12==10.3.5.147 in /pfs/data5/home/kit/stud/usxcp/.local/lib/python3.9/site-packages (from torch>=1.13.0->peft) (10.3.5.147)
Requirement already satisfied: nvidia-cusolver-cu12==11.6.1.9 in /pfs/data5/home/kit/stud/usxcp/.local/lib/python3.9/site-packages (from torch>=1.13.0->peft) (11.6.1.9)
Requirement already satisfied: nvidia-cusparse-cu12==12.3.1.170 in /pfs/data5/home/kit/stud/usxcp/.local/lib/python3.9/site-packages (from torch>=1.13.0->peft) (12.3.1.170)
Requirement already satisfied: nvidia-cusparselt-cu12==0.6.2 in /pfs/data5/home/kit/stud/usxcp/.local/lib/python3.9/site-packages (from torch>=1.13.0->peft) (0.6.2)
Requirement already satisfied: nvidia-nccl-cu12==2.21.5 in /pfs/data5/home/kit/stud/usxcp/.local/lib/python3.9/site-packages (from torch>=1.13.0->peft) (2.21.5)
Requirement already satisfied: nvidia-nvtx-cu12==12.4.127 in /pfs/data5/home/kit/stud/usxcp/.local/lib/python3.9/site-packages (from torch>=1.13.0->peft) (12.4.127)
Requirement already satisfied: nvidia-nvjitlink-cu12==12.4.127 in /pfs/data5/home/kit/stud/usxcp/.local/lib/python3.9/site-packages (from torch>=1.13.0->peft) (12.4.127)
Requirement already satisfied: triton==3.2.0 in /pfs/data5/home/kit/stud/usxcp/.local/lib/python3.9/site-packages (from torch>=1.13.0->peft) (3.2.0)
Requirement already satisfied: sympy==1.13.1 in /pfs/data5/home/kit/stud/usxcp/.local/lib/python3.9/site-packages (from torch>=1.13.0->peft) (1.13.1)
Requirement already satisfied: mpmath<1.4,>=1.1.0 in /pfs/data5/home/kit/stud/usxcp/.local/lib/python3.9/site-packages (from sympy==1.13.1->torch>=1.13.0->peft) (1.3.0)
Requirement already satisfied: python-dateutil>=2.8.2 in /pfs/data5/software_uc2/bwhpc/common/devel/miniconda/23.9.0-py3.9.15/lib/python3.9/site-packages (from pandas->datasets) (2.8.2)
Requirement already satisfied: pytz>=2020.1 in /pfs/data5/home/kit/stud/usxcp/.local/lib/python3.9/site-packages (from pandas->datasets) (2024.2)
Requirement already satisfied: tzdata>=2022.7 in /pfs/data5/home/kit/stud/usxcp/.local/lib/python3.9/site-packages (from pandas->datasets) (2024.2)
Requirement already satisfied: regex!=2019.12.17 in /pfs/data5/home/kit/stud/usxcp/.local/lib/python3.9/site-packages (from transformers->peft) (2024.11.6)
Requirement already satisfied: tokenizers<0.20,>=0.19 in /pfs/data5/home/kit/stud/usxcp/.local/lib/python3.9/site-packages (from transformers->peft) (0.19.1)
Requirement already satisfied: six>=1.5 in /pfs/data5/software_uc2/bwhpc/common/devel/miniconda/23.9.0-py3.9.15/lib/python3.9/site-packages (from python-dateutil>=2.8.2->pandas->datasets) (1.16.0)
Requirement already satisfied: MarkupSafe>=2.0 in /pfs/data5/home/kit/stud/usxcp/.local/lib/python3.9/site-packages (from jinja2->torch>=1.13.0->peft) (3.0.2)
Downloading accelerate-1.4.0-py3-none-any.whl (342 kB)
   ━━━━━━━━━━━━━━━━━━━━━━━━━━━━━━━━━━━━━━━━ 342.1/342.1 kB 11.7 MB/s eta 0:00:00
Installing collected packages: accelerate
  Attempting uninstall: accelerate
    Found existing installation: accelerate 0.18.0
    Uninstalling accelerate-0.18.0:
      Successfully uninstalled accelerate-0.18.0
Successfully installed accelerate-1.4.0
Defaulting to user installation because normal site-packages is not writeable
Requirement already satisfied: scikit-learn in /pfs/data5/home/kit/stud/usxcp/.local/lib/python3.9/site-packages (1.6.1)
Collecting hf_mtask_trainer
  Obtaining dependency information for hf_mtask_trainer from https://files.pythonhosted.org/packages/30/00/d189637cb3636c35db145c1c9cff27b162625ebcffc6fe8cbeea40931f1d/hf_mtask_trainer-0.0.3-py3-none-any.whl.metadata
  Downloading hf_mtask_trainer-0.0.3-py3-none-any.whl.metadata (14 kB)
Requirement already satisfied: numpy>=1.19.5 in /pfs/data5/home/kit/stud/usxcp/.local/lib/python3.9/site-packages (from scikit-learn) (1.26.4)
Requirement already satisfied: scipy>=1.6.0 in /pfs/data5/home/kit/stud/usxcp/.local/lib/python3.9/site-packages (from scikit-learn) (1.13.1)
Requirement already satisfied: joblib>=1.2.0 in /pfs/data5/home/kit/stud/usxcp/.local/lib/python3.9/site-packages (from scikit-learn) (1.4.2)
Requirement already satisfied: threadpoolctl>=3.1.0 in /pfs/data5/home/kit/stud/usxcp/.local/lib/python3.9/site-packages (from scikit-learn) (3.5.0)
Requirement already satisfied: torch in /pfs/data5/home/kit/stud/usxcp/.local/lib/python3.9/site-packages (from hf_mtask_trainer) (2.6.0)
Collecting transformers>4.45.2 (from hf_mtask_trainer)
  Obtaining dependency information for transformers>4.45.2 from https://files.pythonhosted.org/packages/20/37/1f29af63e9c30156a3ed6ebc2754077016577c094f31de7b2631e5d379eb/transformers-4.49.0-py3-none-any.whl.metadata
  Downloading transformers-4.49.0-py3-none-any.whl.metadata (44 kB)
     ━━━━━━━━━━━━━━━━━━━━━━━━━━━━━━━━━━━━━━━━ 44.0/44.0 kB 2.6 MB/s eta 0:00:00
Requirement already satisfied: accelerate in /pfs/data5/home/kit/stud/usxcp/.local/lib/python3.9/site-packages (from hf_mtask_trainer) (1.4.0)
Requirement already satisfied: filelock in /pfs/data5/home/kit/stud/usxcp/.local/lib/python3.9/site-packages (from transformers>4.45.2->hf_mtask_trainer) (3.16.1)
Requirement already satisfied: huggingface-hub<1.0,>=0.26.0 in /pfs/data5/home/kit/stud/usxcp/.local/lib/python3.9/site-packages (from transformers>4.45.2->hf_mtask_trainer) (0.26.3)
Requirement already satisfied: packaging>=20.0 in /pfs/data5/software_uc2/bwhpc/common/devel/miniconda/23.9.0-py3.9.15/lib/python3.9/site-packages (from transformers>4.45.2->hf_mtask_trainer) (23.1)
Requirement already satisfied: pyyaml>=5.1 in /pfs/data5/home/kit/stud/usxcp/.local/lib/python3.9/site-packages (from transformers>4.45.2->hf_mtask_trainer) (6.0.2)
Requirement already satisfied: regex!=2019.12.17 in /pfs/data5/home/kit/stud/usxcp/.local/lib/python3.9/site-packages (from transformers>4.45.2->hf_mtask_trainer) (2024.11.6)
Requirement already satisfied: requests in /pfs/data5/home/kit/stud/usxcp/.local/lib/python3.9/site-packages (from transformers>4.45.2->hf_mtask_trainer) (2.32.3)
Collecting tokenizers<0.22,>=0.21 (from transformers>4.45.2->hf_mtask_trainer)
  Obtaining dependency information for tokenizers<0.22,>=0.21 from https://files.pythonhosted.org/packages/22/06/69d7ce374747edaf1695a4f61b83570d91cc8bbfc51ccfecf76f56ab4aac/tokenizers-0.21.0-cp39-abi3-manylinux_2_17_x86_64.manylinux2014_x86_64.whl.metadata
  Downloading tokenizers-0.21.0-cp39-abi3-manylinux_2_17_x86_64.manylinux2014_x86_64.whl.metadata (6.7 kB)
Requirement already satisfied: safetensors>=0.4.1 in /pfs/data5/home/kit/stud/usxcp/.local/lib/python3.9/site-packages (from transformers>4.45.2->hf_mtask_trainer) (0.4.5)
Requirement already satisfied: tqdm>=4.27 in /pfs/data5/home/kit/stud/usxcp/.local/lib/python3.9/site-packages (from transformers>4.45.2->hf_mtask_trainer) (4.67.1)
Requirement already satisfied: psutil in /pfs/data5/software_uc2/bwhpc/common/devel/miniconda/23.9.0-py3.9.15/lib/python3.9/site-packages (from accelerate->hf_mtask_trainer) (5.9.6)
Requirement already satisfied: typing-extensions>=4.10.0 in /pfs/data5/home/kit/stud/usxcp/.local/lib/python3.9/site-packages (from torch->hf_mtask_trainer) (4.12.2)
Requirement already satisfied: networkx in /pfs/data5/home/kit/stud/usxcp/.local/lib/python3.9/site-packages (from torch->hf_mtask_trainer) (3.2.1)
Requirement already satisfied: jinja2 in /pfs/data5/home/kit/stud/usxcp/.local/lib/python3.9/site-packages (from torch->hf_mtask_trainer) (3.1.4)
Requirement already satisfied: fsspec in /pfs/data5/home/kit/stud/usxcp/.local/lib/python3.9/site-packages (from torch->hf_mtask_trainer) (2024.9.0)
Requirement already satisfied: nvidia-cuda-nvrtc-cu12==12.4.127 in /pfs/data5/home/kit/stud/usxcp/.local/lib/python3.9/site-packages (from torch->hf_mtask_trainer) (12.4.127)
Requirement already satisfied: nvidia-cuda-runtime-cu12==12.4.127 in /pfs/data5/home/kit/stud/usxcp/.local/lib/python3.9/site-packages (from torch->hf_mtask_trainer) (12.4.127)
Requirement already satisfied: nvidia-cuda-cupti-cu12==12.4.127 in /pfs/data5/home/kit/stud/usxcp/.local/lib/python3.9/site-packages (from torch->hf_mtask_trainer) (12.4.127)
Requirement already satisfied: nvidia-cudnn-cu12==9.1.0.70 in /pfs/data5/home/kit/stud/usxcp/.local/lib/python3.9/site-packages (from torch->hf_mtask_trainer) (9.1.0.70)
Requirement already satisfied: nvidia-cublas-cu12==12.4.5.8 in /pfs/data5/home/kit/stud/usxcp/.local/lib/python3.9/site-packages (from torch->hf_mtask_trainer) (12.4.5.8)
Requirement already satisfied: nvidia-cufft-cu12==11.2.1.3 in /pfs/data5/home/kit/stud/usxcp/.local/lib/python3.9/site-packages (from torch->hf_mtask_trainer) (11.2.1.3)
Requirement already satisfied: nvidia-curand-cu12==10.3.5.147 in /pfs/data5/home/kit/stud/usxcp/.local/lib/python3.9/site-packages (from torch->hf_mtask_trainer) (10.3.5.147)
Requirement already satisfied: nvidia-cusolver-cu12==11.6.1.9 in /pfs/data5/home/kit/stud/usxcp/.local/lib/python3.9/site-packages (from torch->hf_mtask_trainer) (11.6.1.9)
Requirement already satisfied: nvidia-cusparse-cu12==12.3.1.170 in /pfs/data5/home/kit/stud/usxcp/.local/lib/python3.9/site-packages (from torch->hf_mtask_trainer) (12.3.1.170)
Requirement already satisfied: nvidia-cusparselt-cu12==0.6.2 in /pfs/data5/home/kit/stud/usxcp/.local/lib/python3.9/site-packages (from torch->hf_mtask_trainer) (0.6.2)
Requirement already satisfied: nvidia-nccl-cu12==2.21.5 in /pfs/data5/home/kit/stud/usxcp/.local/lib/python3.9/site-packages (from torch->hf_mtask_trainer) (2.21.5)
Requirement already satisfied: nvidia-nvtx-cu12==12.4.127 in /pfs/data5/home/kit/stud/usxcp/.local/lib/python3.9/site-packages (from torch->hf_mtask_trainer) (12.4.127)
Requirement already satisfied: nvidia-nvjitlink-cu12==12.4.127 in /pfs/data5/home/kit/stud/usxcp/.local/lib/python3.9/site-packages (from torch->hf_mtask_trainer) (12.4.127)
Requirement already satisfied: triton==3.2.0 in /pfs/data5/home/kit/stud/usxcp/.local/lib/python3.9/site-packages (from torch->hf_mtask_trainer) (3.2.0)
Requirement already satisfied: sympy==1.13.1 in /pfs/data5/home/kit/stud/usxcp/.local/lib/python3.9/site-packages (from torch->hf_mtask_trainer) (1.13.1)
Requirement already satisfied: mpmath<1.4,>=1.1.0 in /pfs/data5/home/kit/stud/usxcp/.local/lib/python3.9/site-packages (from sympy==1.13.1->torch->hf_mtask_trainer) (1.3.0)
Requirement already satisfied: MarkupSafe>=2.0 in /pfs/data5/home/kit/stud/usxcp/.local/lib/python3.9/site-packages (from jinja2->torch->hf_mtask_trainer) (3.0.2)
Requirement already satisfied: charset-normalizer<4,>=2 in /pfs/data5/software_uc2/bwhpc/common/devel/miniconda/23.9.0-py3.9.15/lib/python3.9/site-packages (from requests->transformers>4.45.2->hf_mtask_trainer) (2.0.4)
Requirement already satisfied: idna<4,>=2.5 in /pfs/data5/software_uc2/bwhpc/common/devel/miniconda/23.9.0-py3.9.15/lib/python3.9/site-packages (from requests->transformers>4.45.2->hf_mtask_trainer) (3.4)
Requirement already satisfied: urllib3<3,>=1.21.1 in /pfs/data5/software_uc2/bwhpc/common/devel/miniconda/23.9.0-py3.9.15/lib/python3.9/site-packages (from requests->transformers>4.45.2->hf_mtask_trainer) (1.26.16)
Requirement already satisfied: certifi>=2017.4.17 in /pfs/data5/software_uc2/bwhpc/common/devel/miniconda/23.9.0-py3.9.15/lib/python3.9/site-packages (from requests->transformers>4.45.2->hf_mtask_trainer) (2023.7.22)
Downloading hf_mtask_trainer-0.0.3-py3-none-any.whl (12 kB)
Downloading transformers-4.49.0-py3-none-any.whl (10.0 MB)
   ━━━━━━━━━━━━━━━━━━━━━━━━━━━━━━━━━━━━━━━━ 10.0/10.0 MB 72.4 MB/s eta 0:00:00
Downloading tokenizers-0.21.0-cp39-abi3-manylinux_2_17_x86_64.manylinux2014_x86_64.whl (3.0 MB)
   ━━━━━━━━━━━━━━━━━━━━━━━━━━━━━━━━━━━━━━━━ 3.0/3.0 MB 61.6 MB/s eta 0:00:00
Installing collected packages: tokenizers, transformers, hf_mtask_trainer
  Attempting uninstall: tokenizers
    Found existing installation: tokenizers 0.19.1
    Uninstalling tokenizers-0.19.1:
      Successfully uninstalled tokenizers-0.19.1
  Attempting uninstall: transformers
    Found existing installation: transformers 4.44.0.dev0
    Uninstalling transformers-4.44.0.dev0:
      Successfully uninstalled transformers-4.44.0.dev0
Successfully installed hf_mtask_trainer-0.0.3 tokenizers-0.21.0 transformers-4.49.0
Defaulting to user installation because normal site-packages is not writeable
Requirement already satisfied: seqeval in /pfs/data5/home/kit/stud/usxcp/.local/lib/python3.9/site-packages (1.2.2)
Requirement already satisfied: levenshtein in /pfs/data5/home/kit/stud/usxcp/.local/lib/python3.9/site-packages (0.27.1)
Requirement already satisfied: numpy>=1.14.0 in /pfs/data5/home/kit/stud/usxcp/.local/lib/python3.9/site-packages (from seqeval) (1.26.4)
Requirement already satisfied: scikit-learn>=0.21.3 in /pfs/data5/home/kit/stud/usxcp/.local/lib/python3.9/site-packages (from seqeval) (1.6.1)
Requirement already satisfied: rapidfuzz<4.0.0,>=3.9.0 in /pfs/data5/home/kit/stud/usxcp/.local/lib/python3.9/site-packages (from levenshtein) (3.12.2)
Requirement already satisfied: scipy>=1.6.0 in /pfs/data5/home/kit/stud/usxcp/.local/lib/python3.9/site-packages (from scikit-learn>=0.21.3->seqeval) (1.13.1)
Requirement already satisfied: joblib>=1.2.0 in /pfs/data5/home/kit/stud/usxcp/.local/lib/python3.9/site-packages (from scikit-learn>=0.21.3->seqeval) (1.4.2)
Requirement already satisfied: threadpoolctl>=3.1.0 in /pfs/data5/home/kit/stud/usxcp/.local/lib/python3.9/site-packages (from scikit-learn>=0.21.3->seqeval) (3.5.0)
tee: ./test_run_outputs/train.log: No such file or directory
Traceback (most recent call last):
  File "/home/kit/stud/usxcp/.local/bin/torchrun", line 5, in <module>
    from torch.distributed.run import main
  File "/home/kit/stud/usxcp/.local/lib/python3.9/site-packages/torch/__init__.py", line 405, in <module>
    from torch._C import *  # noqa: F403
ImportError: /home/kit/stud/usxcp/.local/lib/python3.9/site-packages/torch/lib/libtorch_cuda.so: undefined symbol: ncclCommRegister

============================= JOB FEEDBACK =============================

NodeName=uc2n520
Job ID: 25379443
Cluster: uc2
User/Group: usxcp/stud
State: COMPLETED (exit code 0)
Nodes: 1
Cores per node: 20
CPU Utilized: 00:00:27
CPU Efficiency: 1.73% of 00:26:00 core-walltime
Job Wall-clock time: 00:01:18
Memory Utilized: 75.63 MB
Memory Efficiency: 0.92% of 8.00 GB
