Obtaining file:///pfs/data5/home/kit/stud/usxcp/master-thesis
  Installing build dependencies: started
  Installing build dependencies: finished with status 'done'
  Checking if build backend supports build_editable: started
  Checking if build backend supports build_editable: finished with status 'done'
  Getting requirements to build editable: started
  Getting requirements to build editable: finished with status 'done'
  Preparing editable metadata (pyproject.toml): started
  Preparing editable metadata (pyproject.toml): finished with status 'done'
Requirement already satisfied: filelock in ./.env/lib/python3.12/site-packages (from transformers==4.44.0.dev0) (3.18.0)
Requirement already satisfied: huggingface-hub<1.0,>=0.23.2 in ./.env/lib/python3.12/site-packages (from transformers==4.44.0.dev0) (0.30.1)
Requirement already satisfied: numpy>=1.17 in ./.env/lib/python3.12/site-packages (from transformers==4.44.0.dev0) (2.2.4)
Requirement already satisfied: packaging>=20.0 in ./.env/lib/python3.12/site-packages (from transformers==4.44.0.dev0) (24.2)
Requirement already satisfied: pyyaml>=5.1 in ./.env/lib/python3.12/site-packages (from transformers==4.44.0.dev0) (6.0.2)
Requirement already satisfied: regex!=2019.12.17 in ./.env/lib/python3.12/site-packages (from transformers==4.44.0.dev0) (2024.11.6)
Requirement already satisfied: requests in ./.env/lib/python3.12/site-packages (from transformers==4.44.0.dev0) (2.32.3)
Collecting tokenizers<0.20,>=0.19 (from transformers==4.44.0.dev0)
  Using cached tokenizers-0.19.1-cp312-cp312-manylinux_2_17_x86_64.manylinux2014_x86_64.whl.metadata (6.7 kB)
Requirement already satisfied: safetensors>=0.4.1 in ./.env/lib/python3.12/site-packages (from transformers==4.44.0.dev0) (0.5.3)
Requirement already satisfied: tqdm>=4.27 in ./.env/lib/python3.12/site-packages (from transformers==4.44.0.dev0) (4.67.1)
Requirement already satisfied: fsspec>=2023.5.0 in ./.env/lib/python3.12/site-packages (from huggingface-hub<1.0,>=0.23.2->transformers==4.44.0.dev0) (2024.12.0)
Requirement already satisfied: typing-extensions>=3.7.4.3 in ./.env/lib/python3.12/site-packages (from huggingface-hub<1.0,>=0.23.2->transformers==4.44.0.dev0) (4.13.0)
Requirement already satisfied: charset-normalizer<4,>=2 in ./.env/lib/python3.12/site-packages (from requests->transformers==4.44.0.dev0) (3.4.1)
Requirement already satisfied: idna<4,>=2.5 in ./.env/lib/python3.12/site-packages (from requests->transformers==4.44.0.dev0) (3.10)
Requirement already satisfied: urllib3<3,>=1.21.1 in ./.env/lib/python3.12/site-packages (from requests->transformers==4.44.0.dev0) (2.3.0)
Requirement already satisfied: certifi>=2017.4.17 in ./.env/lib/python3.12/site-packages (from requests->transformers==4.44.0.dev0) (2025.1.31)
Using cached tokenizers-0.19.1-cp312-cp312-manylinux_2_17_x86_64.manylinux2014_x86_64.whl (3.6 MB)
Building wheels for collected packages: transformers
  Building editable for transformers (pyproject.toml): started
  Building editable for transformers (pyproject.toml): finished with status 'done'
  Created wheel for transformers: filename=transformers-4.44.0.dev0-0.editable-py3-none-any.whl size=4844 sha256=7287a60c47d1be7c1d8e795e16ef60aa3ff1fd8155404afeab826c83b210681e
  Stored in directory: /scratch/slurm_tmpdir/job_25445700/pip-ephem-wheel-cache-agxkfl5j/wheels/09/2f/c5/29c32dfaf34660d66a970ee8583048c8cb5680f60648a1be6f
Successfully built transformers
Installing collected packages: tokenizers, transformers
  Attempting uninstall: tokenizers
    Found existing installation: tokenizers 0.21.1
    Uninstalling tokenizers-0.21.1:
      Successfully uninstalled tokenizers-0.21.1
  Attempting uninstall: transformers
    Found existing installation: transformers 4.51.0
    Uninstalling transformers-4.51.0:
      Successfully uninstalled transformers-4.51.0
ERROR: pip's dependency resolver does not currently take into account all the packages that are installed. This behaviour is the source of the following dependency conflicts.
hf-mtask-trainer 0.0.5 requires transformers>=4.47.0, but you have transformers 4.44.0.dev0 which is incompatible.
Successfully installed tokenizers-0.19.1 transformers-4.44.0.dev0

[notice] A new release of pip is available: 24.0 -> 25.0.1
[notice] To update, run: pip install --upgrade pip
Looking in indexes: https://download.pytorch.org/whl/cu120
Requirement already satisfied: torch in ./.env/lib/python3.12/site-packages (2.6.0)
Requirement already satisfied: filelock in ./.env/lib/python3.12/site-packages (from torch) (3.18.0)
Requirement already satisfied: typing-extensions>=4.10.0 in ./.env/lib/python3.12/site-packages (from torch) (4.13.0)
Requirement already satisfied: networkx in ./.env/lib/python3.12/site-packages (from torch) (3.4.2)
Requirement already satisfied: jinja2 in ./.env/lib/python3.12/site-packages (from torch) (3.1.6)
Requirement already satisfied: fsspec in ./.env/lib/python3.12/site-packages (from torch) (2024.12.0)
Requirement already satisfied: nvidia-cuda-nvrtc-cu12==12.4.127 in ./.env/lib/python3.12/site-packages (from torch) (12.4.127)
Requirement already satisfied: nvidia-cuda-runtime-cu12==12.4.127 in ./.env/lib/python3.12/site-packages (from torch) (12.4.127)
Requirement already satisfied: nvidia-cuda-cupti-cu12==12.4.127 in ./.env/lib/python3.12/site-packages (from torch) (12.4.127)
Requirement already satisfied: nvidia-cudnn-cu12==9.1.0.70 in ./.env/lib/python3.12/site-packages (from torch) (9.1.0.70)
Requirement already satisfied: nvidia-cublas-cu12==12.4.5.8 in ./.env/lib/python3.12/site-packages (from torch) (12.4.5.8)
Requirement already satisfied: nvidia-cufft-cu12==11.2.1.3 in ./.env/lib/python3.12/site-packages (from torch) (11.2.1.3)
Requirement already satisfied: nvidia-curand-cu12==10.3.5.147 in ./.env/lib/python3.12/site-packages (from torch) (10.3.5.147)
Requirement already satisfied: nvidia-cusolver-cu12==11.6.1.9 in ./.env/lib/python3.12/site-packages (from torch) (11.6.1.9)
Requirement already satisfied: nvidia-cusparse-cu12==12.3.1.170 in ./.env/lib/python3.12/site-packages (from torch) (12.3.1.170)
Requirement already satisfied: nvidia-cusparselt-cu12==0.6.2 in ./.env/lib/python3.12/site-packages (from torch) (0.6.2)
Requirement already satisfied: nvidia-nccl-cu12==2.21.5 in ./.env/lib/python3.12/site-packages (from torch) (2.21.5)
Requirement already satisfied: nvidia-nvtx-cu12==12.4.127 in ./.env/lib/python3.12/site-packages (from torch) (12.4.127)
Requirement already satisfied: nvidia-nvjitlink-cu12==12.4.127 in ./.env/lib/python3.12/site-packages (from torch) (12.4.127)
Requirement already satisfied: triton==3.2.0 in ./.env/lib/python3.12/site-packages (from torch) (3.2.0)
Requirement already satisfied: setuptools in ./.env/lib/python3.12/site-packages (from torch) (78.1.0)
Requirement already satisfied: sympy==1.13.1 in ./.env/lib/python3.12/site-packages (from torch) (1.13.1)
Requirement already satisfied: mpmath<1.4,>=1.1.0 in ./.env/lib/python3.12/site-packages (from sympy==1.13.1->torch) (1.3.0)
Requirement already satisfied: MarkupSafe>=2.0 in ./.env/lib/python3.12/site-packages (from jinja2->torch) (3.0.2)

[notice] A new release of pip is available: 24.0 -> 25.0.1
[notice] To update, run: pip install --upgrade pip
Requirement already satisfied: deepspeed in ./.env/lib/python3.12/site-packages (0.16.5)
Requirement already satisfied: einops in ./.env/lib/python3.12/site-packages (from deepspeed) (0.8.1)
Requirement already satisfied: hjson in ./.env/lib/python3.12/site-packages (from deepspeed) (3.1.0)
Requirement already satisfied: msgpack in ./.env/lib/python3.12/site-packages (from deepspeed) (1.1.0)
Requirement already satisfied: ninja in ./.env/lib/python3.12/site-packages (from deepspeed) (1.11.1.4)
Requirement already satisfied: numpy in ./.env/lib/python3.12/site-packages (from deepspeed) (2.2.4)
Requirement already satisfied: packaging>=20.0 in ./.env/lib/python3.12/site-packages (from deepspeed) (24.2)
Requirement already satisfied: psutil in ./.env/lib/python3.12/site-packages (from deepspeed) (7.0.0)
Requirement already satisfied: py-cpuinfo in ./.env/lib/python3.12/site-packages (from deepspeed) (9.0.0)
Requirement already satisfied: pydantic>=2.0.0 in ./.env/lib/python3.12/site-packages (from deepspeed) (2.11.1)
Requirement already satisfied: torch in ./.env/lib/python3.12/site-packages (from deepspeed) (2.6.0)
Requirement already satisfied: tqdm in ./.env/lib/python3.12/site-packages (from deepspeed) (4.67.1)
Requirement already satisfied: annotated-types>=0.6.0 in ./.env/lib/python3.12/site-packages (from pydantic>=2.0.0->deepspeed) (0.7.0)
Requirement already satisfied: pydantic-core==2.33.0 in ./.env/lib/python3.12/site-packages (from pydantic>=2.0.0->deepspeed) (2.33.0)
Requirement already satisfied: typing-extensions>=4.12.2 in ./.env/lib/python3.12/site-packages (from pydantic>=2.0.0->deepspeed) (4.13.0)
Requirement already satisfied: typing-inspection>=0.4.0 in ./.env/lib/python3.12/site-packages (from pydantic>=2.0.0->deepspeed) (0.4.0)
Requirement already satisfied: filelock in ./.env/lib/python3.12/site-packages (from torch->deepspeed) (3.18.0)
Requirement already satisfied: networkx in ./.env/lib/python3.12/site-packages (from torch->deepspeed) (3.4.2)
Requirement already satisfied: jinja2 in ./.env/lib/python3.12/site-packages (from torch->deepspeed) (3.1.6)
Requirement already satisfied: fsspec in ./.env/lib/python3.12/site-packages (from torch->deepspeed) (2024.12.0)
Requirement already satisfied: nvidia-cuda-nvrtc-cu12==12.4.127 in ./.env/lib/python3.12/site-packages (from torch->deepspeed) (12.4.127)
Requirement already satisfied: nvidia-cuda-runtime-cu12==12.4.127 in ./.env/lib/python3.12/site-packages (from torch->deepspeed) (12.4.127)
Requirement already satisfied: nvidia-cuda-cupti-cu12==12.4.127 in ./.env/lib/python3.12/site-packages (from torch->deepspeed) (12.4.127)
Requirement already satisfied: nvidia-cudnn-cu12==9.1.0.70 in ./.env/lib/python3.12/site-packages (from torch->deepspeed) (9.1.0.70)
Requirement already satisfied: nvidia-cublas-cu12==12.4.5.8 in ./.env/lib/python3.12/site-packages (from torch->deepspeed) (12.4.5.8)
Requirement already satisfied: nvidia-cufft-cu12==11.2.1.3 in ./.env/lib/python3.12/site-packages (from torch->deepspeed) (11.2.1.3)
Requirement already satisfied: nvidia-curand-cu12==10.3.5.147 in ./.env/lib/python3.12/site-packages (from torch->deepspeed) (10.3.5.147)
Requirement already satisfied: nvidia-cusolver-cu12==11.6.1.9 in ./.env/lib/python3.12/site-packages (from torch->deepspeed) (11.6.1.9)
Requirement already satisfied: nvidia-cusparse-cu12==12.3.1.170 in ./.env/lib/python3.12/site-packages (from torch->deepspeed) (12.3.1.170)
Requirement already satisfied: nvidia-cusparselt-cu12==0.6.2 in ./.env/lib/python3.12/site-packages (from torch->deepspeed) (0.6.2)
Requirement already satisfied: nvidia-nccl-cu12==2.21.5 in ./.env/lib/python3.12/site-packages (from torch->deepspeed) (2.21.5)
Requirement already satisfied: nvidia-nvtx-cu12==12.4.127 in ./.env/lib/python3.12/site-packages (from torch->deepspeed) (12.4.127)
Requirement already satisfied: nvidia-nvjitlink-cu12==12.4.127 in ./.env/lib/python3.12/site-packages (from torch->deepspeed) (12.4.127)
Requirement already satisfied: triton==3.2.0 in ./.env/lib/python3.12/site-packages (from torch->deepspeed) (3.2.0)
Requirement already satisfied: setuptools in ./.env/lib/python3.12/site-packages (from torch->deepspeed) (78.1.0)
Requirement already satisfied: sympy==1.13.1 in ./.env/lib/python3.12/site-packages (from torch->deepspeed) (1.13.1)
Requirement already satisfied: mpmath<1.4,>=1.1.0 in ./.env/lib/python3.12/site-packages (from sympy==1.13.1->torch->deepspeed) (1.3.0)
Requirement already satisfied: MarkupSafe>=2.0 in ./.env/lib/python3.12/site-packages (from jinja2->torch->deepspeed) (3.0.2)

[notice] A new release of pip is available: 24.0 -> 25.0.1
[notice] To update, run: pip install --upgrade pip
Requirement already satisfied: datasets in ./.env/lib/python3.12/site-packages (3.5.0)
Requirement already satisfied: evaluate in ./.env/lib/python3.12/site-packages (0.4.3)
Requirement already satisfied: peft in ./.env/lib/python3.12/site-packages (0.15.1)
Requirement already satisfied: filelock in ./.env/lib/python3.12/site-packages (from datasets) (3.18.0)
Requirement already satisfied: numpy>=1.17 in ./.env/lib/python3.12/site-packages (from datasets) (2.2.4)
Requirement already satisfied: pyarrow>=15.0.0 in ./.env/lib/python3.12/site-packages (from datasets) (19.0.1)
Requirement already satisfied: dill<0.3.9,>=0.3.0 in ./.env/lib/python3.12/site-packages (from datasets) (0.3.8)
Requirement already satisfied: pandas in ./.env/lib/python3.12/site-packages (from datasets) (2.2.3)
Requirement already satisfied: requests>=2.32.2 in ./.env/lib/python3.12/site-packages (from datasets) (2.32.3)
Requirement already satisfied: tqdm>=4.66.3 in ./.env/lib/python3.12/site-packages (from datasets) (4.67.1)
Requirement already satisfied: xxhash in ./.env/lib/python3.12/site-packages (from datasets) (3.5.0)
Requirement already satisfied: multiprocess<0.70.17 in ./.env/lib/python3.12/site-packages (from datasets) (0.70.16)
Requirement already satisfied: fsspec<=2024.12.0,>=2023.1.0 in ./.env/lib/python3.12/site-packages (from fsspec[http]<=2024.12.0,>=2023.1.0->datasets) (2024.12.0)
Requirement already satisfied: aiohttp in ./.env/lib/python3.12/site-packages (from datasets) (3.11.14)
Requirement already satisfied: huggingface-hub>=0.24.0 in ./.env/lib/python3.12/site-packages (from datasets) (0.30.1)
Requirement already satisfied: packaging in ./.env/lib/python3.12/site-packages (from datasets) (24.2)
Requirement already satisfied: pyyaml>=5.1 in ./.env/lib/python3.12/site-packages (from datasets) (6.0.2)
Requirement already satisfied: psutil in ./.env/lib/python3.12/site-packages (from peft) (7.0.0)
Requirement already satisfied: torch>=1.13.0 in ./.env/lib/python3.12/site-packages (from peft) (2.6.0)
Requirement already satisfied: transformers in ./.env/lib/python3.12/site-packages (from peft) (4.44.0.dev0)
Requirement already satisfied: accelerate>=0.21.0 in ./.env/lib/python3.12/site-packages (from peft) (1.5.2)
Requirement already satisfied: safetensors in ./.env/lib/python3.12/site-packages (from peft) (0.5.3)
Requirement already satisfied: aiohappyeyeballs>=2.3.0 in ./.env/lib/python3.12/site-packages (from aiohttp->datasets) (2.6.1)
Requirement already satisfied: aiosignal>=1.1.2 in ./.env/lib/python3.12/site-packages (from aiohttp->datasets) (1.3.2)
Requirement already satisfied: attrs>=17.3.0 in ./.env/lib/python3.12/site-packages (from aiohttp->datasets) (25.3.0)
Requirement already satisfied: frozenlist>=1.1.1 in ./.env/lib/python3.12/site-packages (from aiohttp->datasets) (1.5.0)
Requirement already satisfied: multidict<7.0,>=4.5 in ./.env/lib/python3.12/site-packages (from aiohttp->datasets) (6.2.0)
Requirement already satisfied: propcache>=0.2.0 in ./.env/lib/python3.12/site-packages (from aiohttp->datasets) (0.3.1)
Requirement already satisfied: yarl<2.0,>=1.17.0 in ./.env/lib/python3.12/site-packages (from aiohttp->datasets) (1.18.3)
Requirement already satisfied: typing-extensions>=3.7.4.3 in ./.env/lib/python3.12/site-packages (from huggingface-hub>=0.24.0->datasets) (4.13.0)
Requirement already satisfied: charset-normalizer<4,>=2 in ./.env/lib/python3.12/site-packages (from requests>=2.32.2->datasets) (3.4.1)
Requirement already satisfied: idna<4,>=2.5 in ./.env/lib/python3.12/site-packages (from requests>=2.32.2->datasets) (3.10)
Requirement already satisfied: urllib3<3,>=1.21.1 in ./.env/lib/python3.12/site-packages (from requests>=2.32.2->datasets) (2.3.0)
Requirement already satisfied: certifi>=2017.4.17 in ./.env/lib/python3.12/site-packages (from requests>=2.32.2->datasets) (2025.1.31)
Requirement already satisfied: networkx in ./.env/lib/python3.12/site-packages (from torch>=1.13.0->peft) (3.4.2)
Requirement already satisfied: jinja2 in ./.env/lib/python3.12/site-packages (from torch>=1.13.0->peft) (3.1.6)
Requirement already satisfied: nvidia-cuda-nvrtc-cu12==12.4.127 in ./.env/lib/python3.12/site-packages (from torch>=1.13.0->peft) (12.4.127)
Requirement already satisfied: nvidia-cuda-runtime-cu12==12.4.127 in ./.env/lib/python3.12/site-packages (from torch>=1.13.0->peft) (12.4.127)
Requirement already satisfied: nvidia-cuda-cupti-cu12==12.4.127 in ./.env/lib/python3.12/site-packages (from torch>=1.13.0->peft) (12.4.127)
Requirement already satisfied: nvidia-cudnn-cu12==9.1.0.70 in ./.env/lib/python3.12/site-packages (from torch>=1.13.0->peft) (9.1.0.70)
Requirement already satisfied: nvidia-cublas-cu12==12.4.5.8 in ./.env/lib/python3.12/site-packages (from torch>=1.13.0->peft) (12.4.5.8)
Requirement already satisfied: nvidia-cufft-cu12==11.2.1.3 in ./.env/lib/python3.12/site-packages (from torch>=1.13.0->peft) (11.2.1.3)
Requirement already satisfied: nvidia-curand-cu12==10.3.5.147 in ./.env/lib/python3.12/site-packages (from torch>=1.13.0->peft) (10.3.5.147)
Requirement already satisfied: nvidia-cusolver-cu12==11.6.1.9 in ./.env/lib/python3.12/site-packages (from torch>=1.13.0->peft) (11.6.1.9)
Requirement already satisfied: nvidia-cusparse-cu12==12.3.1.170 in ./.env/lib/python3.12/site-packages (from torch>=1.13.0->peft) (12.3.1.170)
Requirement already satisfied: nvidia-cusparselt-cu12==0.6.2 in ./.env/lib/python3.12/site-packages (from torch>=1.13.0->peft) (0.6.2)
Requirement already satisfied: nvidia-nccl-cu12==2.21.5 in ./.env/lib/python3.12/site-packages (from torch>=1.13.0->peft) (2.21.5)
Requirement already satisfied: nvidia-nvtx-cu12==12.4.127 in ./.env/lib/python3.12/site-packages (from torch>=1.13.0->peft) (12.4.127)
Requirement already satisfied: nvidia-nvjitlink-cu12==12.4.127 in ./.env/lib/python3.12/site-packages (from torch>=1.13.0->peft) (12.4.127)
Requirement already satisfied: triton==3.2.0 in ./.env/lib/python3.12/site-packages (from torch>=1.13.0->peft) (3.2.0)
Requirement already satisfied: setuptools in ./.env/lib/python3.12/site-packages (from torch>=1.13.0->peft) (78.1.0)
Requirement already satisfied: sympy==1.13.1 in ./.env/lib/python3.12/site-packages (from torch>=1.13.0->peft) (1.13.1)
Requirement already satisfied: mpmath<1.4,>=1.1.0 in ./.env/lib/python3.12/site-packages (from sympy==1.13.1->torch>=1.13.0->peft) (1.3.0)
Requirement already satisfied: python-dateutil>=2.8.2 in ./.env/lib/python3.12/site-packages (from pandas->datasets) (2.9.0.post0)
Requirement already satisfied: pytz>=2020.1 in ./.env/lib/python3.12/site-packages (from pandas->datasets) (2025.2)
Requirement already satisfied: tzdata>=2022.7 in ./.env/lib/python3.12/site-packages (from pandas->datasets) (2025.2)
Requirement already satisfied: regex!=2019.12.17 in ./.env/lib/python3.12/site-packages (from transformers->peft) (2024.11.6)
Requirement already satisfied: tokenizers<0.20,>=0.19 in ./.env/lib/python3.12/site-packages (from transformers->peft) (0.19.1)
Requirement already satisfied: six>=1.5 in ./.env/lib/python3.12/site-packages (from python-dateutil>=2.8.2->pandas->datasets) (1.17.0)
Requirement already satisfied: MarkupSafe>=2.0 in ./.env/lib/python3.12/site-packages (from jinja2->torch>=1.13.0->peft) (3.0.2)

[notice] A new release of pip is available: 24.0 -> 25.0.1
[notice] To update, run: pip install --upgrade pip
Requirement already satisfied: scikit-learn in ./.env/lib/python3.12/site-packages (1.6.1)
Requirement already satisfied: hf_mtask_trainer in ./.env/lib/python3.12/site-packages (0.0.5)
Requirement already satisfied: numpy>=1.19.5 in ./.env/lib/python3.12/site-packages (from scikit-learn) (2.2.4)
Requirement already satisfied: scipy>=1.6.0 in ./.env/lib/python3.12/site-packages (from scikit-learn) (1.15.2)
Requirement already satisfied: joblib>=1.2.0 in ./.env/lib/python3.12/site-packages (from scikit-learn) (1.4.2)
Requirement already satisfied: threadpoolctl>=3.1.0 in ./.env/lib/python3.12/site-packages (from scikit-learn) (3.6.0)
Requirement already satisfied: torch in ./.env/lib/python3.12/site-packages (from hf_mtask_trainer) (2.6.0)
Collecting transformers>=4.47.0 (from hf_mtask_trainer)
  Using cached transformers-4.51.0-py3-none-any.whl.metadata (38 kB)
Requirement already satisfied: accelerate in ./.env/lib/python3.12/site-packages (from hf_mtask_trainer) (1.5.2)
Requirement already satisfied: filelock in ./.env/lib/python3.12/site-packages (from transformers>=4.47.0->hf_mtask_trainer) (3.18.0)
Requirement already satisfied: huggingface-hub<1.0,>=0.30.0 in ./.env/lib/python3.12/site-packages (from transformers>=4.47.0->hf_mtask_trainer) (0.30.1)
Requirement already satisfied: packaging>=20.0 in ./.env/lib/python3.12/site-packages (from transformers>=4.47.0->hf_mtask_trainer) (24.2)
Requirement already satisfied: pyyaml>=5.1 in ./.env/lib/python3.12/site-packages (from transformers>=4.47.0->hf_mtask_trainer) (6.0.2)
Requirement already satisfied: regex!=2019.12.17 in ./.env/lib/python3.12/site-packages (from transformers>=4.47.0->hf_mtask_trainer) (2024.11.6)
Requirement already satisfied: requests in ./.env/lib/python3.12/site-packages (from transformers>=4.47.0->hf_mtask_trainer) (2.32.3)
Collecting tokenizers<0.22,>=0.21 (from transformers>=4.47.0->hf_mtask_trainer)
  Using cached tokenizers-0.21.1-cp39-abi3-manylinux_2_17_x86_64.manylinux2014_x86_64.whl.metadata (6.8 kB)
Requirement already satisfied: safetensors>=0.4.3 in ./.env/lib/python3.12/site-packages (from transformers>=4.47.0->hf_mtask_trainer) (0.5.3)
Requirement already satisfied: tqdm>=4.27 in ./.env/lib/python3.12/site-packages (from transformers>=4.47.0->hf_mtask_trainer) (4.67.1)
Requirement already satisfied: psutil in ./.env/lib/python3.12/site-packages (from accelerate->hf_mtask_trainer) (7.0.0)
Requirement already satisfied: typing-extensions>=4.10.0 in ./.env/lib/python3.12/site-packages (from torch->hf_mtask_trainer) (4.13.0)
Requirement already satisfied: networkx in ./.env/lib/python3.12/site-packages (from torch->hf_mtask_trainer) (3.4.2)
Requirement already satisfied: jinja2 in ./.env/lib/python3.12/site-packages (from torch->hf_mtask_trainer) (3.1.6)
Requirement already satisfied: fsspec in ./.env/lib/python3.12/site-packages (from torch->hf_mtask_trainer) (2024.12.0)
Requirement already satisfied: nvidia-cuda-nvrtc-cu12==12.4.127 in ./.env/lib/python3.12/site-packages (from torch->hf_mtask_trainer) (12.4.127)
Requirement already satisfied: nvidia-cuda-runtime-cu12==12.4.127 in ./.env/lib/python3.12/site-packages (from torch->hf_mtask_trainer) (12.4.127)
Requirement already satisfied: nvidia-cuda-cupti-cu12==12.4.127 in ./.env/lib/python3.12/site-packages (from torch->hf_mtask_trainer) (12.4.127)
Requirement already satisfied: nvidia-cudnn-cu12==9.1.0.70 in ./.env/lib/python3.12/site-packages (from torch->hf_mtask_trainer) (9.1.0.70)
Requirement already satisfied: nvidia-cublas-cu12==12.4.5.8 in ./.env/lib/python3.12/site-packages (from torch->hf_mtask_trainer) (12.4.5.8)
Requirement already satisfied: nvidia-cufft-cu12==11.2.1.3 in ./.env/lib/python3.12/site-packages (from torch->hf_mtask_trainer) (11.2.1.3)
Requirement already satisfied: nvidia-curand-cu12==10.3.5.147 in ./.env/lib/python3.12/site-packages (from torch->hf_mtask_trainer) (10.3.5.147)
Requirement already satisfied: nvidia-cusolver-cu12==11.6.1.9 in ./.env/lib/python3.12/site-packages (from torch->hf_mtask_trainer) (11.6.1.9)
Requirement already satisfied: nvidia-cusparse-cu12==12.3.1.170 in ./.env/lib/python3.12/site-packages (from torch->hf_mtask_trainer) (12.3.1.170)
Requirement already satisfied: nvidia-cusparselt-cu12==0.6.2 in ./.env/lib/python3.12/site-packages (from torch->hf_mtask_trainer) (0.6.2)
Requirement already satisfied: nvidia-nccl-cu12==2.21.5 in ./.env/lib/python3.12/site-packages (from torch->hf_mtask_trainer) (2.21.5)
Requirement already satisfied: nvidia-nvtx-cu12==12.4.127 in ./.env/lib/python3.12/site-packages (from torch->hf_mtask_trainer) (12.4.127)
Requirement already satisfied: nvidia-nvjitlink-cu12==12.4.127 in ./.env/lib/python3.12/site-packages (from torch->hf_mtask_trainer) (12.4.127)
Requirement already satisfied: triton==3.2.0 in ./.env/lib/python3.12/site-packages (from torch->hf_mtask_trainer) (3.2.0)
Requirement already satisfied: setuptools in ./.env/lib/python3.12/site-packages (from torch->hf_mtask_trainer) (78.1.0)
Requirement already satisfied: sympy==1.13.1 in ./.env/lib/python3.12/site-packages (from torch->hf_mtask_trainer) (1.13.1)
Requirement already satisfied: mpmath<1.4,>=1.1.0 in ./.env/lib/python3.12/site-packages (from sympy==1.13.1->torch->hf_mtask_trainer) (1.3.0)
Requirement already satisfied: MarkupSafe>=2.0 in ./.env/lib/python3.12/site-packages (from jinja2->torch->hf_mtask_trainer) (3.0.2)
Requirement already satisfied: charset-normalizer<4,>=2 in ./.env/lib/python3.12/site-packages (from requests->transformers>=4.47.0->hf_mtask_trainer) (3.4.1)
Requirement already satisfied: idna<4,>=2.5 in ./.env/lib/python3.12/site-packages (from requests->transformers>=4.47.0->hf_mtask_trainer) (3.10)
Requirement already satisfied: urllib3<3,>=1.21.1 in ./.env/lib/python3.12/site-packages (from requests->transformers>=4.47.0->hf_mtask_trainer) (2.3.0)
Requirement already satisfied: certifi>=2017.4.17 in ./.env/lib/python3.12/site-packages (from requests->transformers>=4.47.0->hf_mtask_trainer) (2025.1.31)
Using cached transformers-4.51.0-py3-none-any.whl (10.4 MB)
Using cached tokenizers-0.21.1-cp39-abi3-manylinux_2_17_x86_64.manylinux2014_x86_64.whl (3.0 MB)
Installing collected packages: tokenizers, transformers
  Attempting uninstall: tokenizers
    Found existing installation: tokenizers 0.19.1
    Uninstalling tokenizers-0.19.1:
      Successfully uninstalled tokenizers-0.19.1
  Attempting uninstall: transformers
    Found existing installation: transformers 4.44.0.dev0
    Uninstalling transformers-4.44.0.dev0:
      Successfully uninstalled transformers-4.44.0.dev0
Successfully installed tokenizers-0.21.1 transformers-4.51.0

[notice] A new release of pip is available: 24.0 -> 25.0.1
[notice] To update, run: pip install --upgrade pip
Requirement already satisfied: seqeval in ./.env/lib/python3.12/site-packages (1.2.2)
Requirement already satisfied: levenshtein in ./.env/lib/python3.12/site-packages (0.27.1)
Requirement already satisfied: numpy>=1.14.0 in ./.env/lib/python3.12/site-packages (from seqeval) (2.2.4)
Requirement already satisfied: scikit-learn>=0.21.3 in ./.env/lib/python3.12/site-packages (from seqeval) (1.6.1)
Requirement already satisfied: rapidfuzz<4.0.0,>=3.9.0 in ./.env/lib/python3.12/site-packages (from levenshtein) (3.12.2)
Requirement already satisfied: scipy>=1.6.0 in ./.env/lib/python3.12/site-packages (from scikit-learn>=0.21.3->seqeval) (1.15.2)
Requirement already satisfied: joblib>=1.2.0 in ./.env/lib/python3.12/site-packages (from scikit-learn>=0.21.3->seqeval) (1.4.2)
Requirement already satisfied: threadpoolctl>=3.1.0 in ./.env/lib/python3.12/site-packages (from scikit-learn>=0.21.3->seqeval) (3.6.0)

[notice] A new release of pip is available: 24.0 -> 25.0.1
[notice] To update, run: pip install --upgrade pip
[2025-04-06 15:42:13,877] [INFO] [real_accelerator.py:239:get_accelerator] Setting ds_accelerator to cuda (auto detect)
Traceback (most recent call last):
  File "/pfs/data5/home/kit/stud/usxcp/master-thesis/./scripts/run_clm_lora.py", line 38, in <module>
    from transformers import (
ImportError: cannot import name 'is_torch_tpu_available' from 'transformers' (/pfs/data5/home/kit/stud/usxcp/master-thesis/.env/lib/python3.12/site-packages/transformers/__init__.py)
E0406 15:42:32.933000 468279 torch/distributed/elastic/multiprocessing/api.py:869] failed (exitcode: 1) local_rank: 0 (pid: 468283) of binary: /pfs/data5/home/kit/stud/usxcp/master-thesis/.env/bin/python
Traceback (most recent call last):
  File "/pfs/data5/home/kit/stud/usxcp/master-thesis/.env/bin/torchrun", line 8, in <module>
    sys.exit(main())
             ^^^^^^
  File "/pfs/data5/home/kit/stud/usxcp/master-thesis/.env/lib/python3.12/site-packages/torch/distributed/elastic/multiprocessing/errors/__init__.py", line 355, in wrapper
    return f(*args, **kwargs)
           ^^^^^^^^^^^^^^^^^^
  File "/pfs/data5/home/kit/stud/usxcp/master-thesis/.env/lib/python3.12/site-packages/torch/distributed/run.py", line 918, in main
    run(args)
  File "/pfs/data5/home/kit/stud/usxcp/master-thesis/.env/lib/python3.12/site-packages/torch/distributed/run.py", line 909, in run
    elastic_launch(
  File "/pfs/data5/home/kit/stud/usxcp/master-thesis/.env/lib/python3.12/site-packages/torch/distributed/launcher/api.py", line 138, in __call__
    return launch_agent(self._config, self._entrypoint, list(args))
           ^^^^^^^^^^^^^^^^^^^^^^^^^^^^^^^^^^^^^^^^^^^^^^^^^^^^^^^^
  File "/pfs/data5/home/kit/stud/usxcp/master-thesis/.env/lib/python3.12/site-packages/torch/distributed/launcher/api.py", line 269, in launch_agent
    raise ChildFailedError(
torch.distributed.elastic.multiprocessing.errors.ChildFailedError: 
============================================================
./scripts/run_clm_lora.py FAILED
------------------------------------------------------------
Failures:
  <NO_OTHER_FAILURES>
------------------------------------------------------------
Root Cause (first observed failure):
[0]:
  time      : 2025-04-06_15:42:32
  host      : uc2n520.localdomain
  rank      : 0 (local_rank: 0)
  exitcode  : 1 (pid: 468283)
  error_file: <N/A>
  traceback : To enable traceback see: https://pytorch.org/docs/stable/elastic/errors.html
============================================================

============================= JOB FEEDBACK =============================

NodeName=uc2n520
Job ID: 25445700
Cluster: uc2
User/Group: usxcp/stud
State: COMPLETED (exit code 0)
Nodes: 1
Cores per node: 40
CPU Utilized: 00:00:56
CPU Efficiency: 0.97% of 01:36:40 core-walltime
Job Wall-clock time: 00:02:25
Memory Utilized: 845.61 MB
Memory Efficiency: 20.64% of 4.00 GB
